<?xml version="1.0" encoding="UTF-8"?>
<coverage generated="1497447665101" clover="3.2.0">
  <project timestamp="1497447665101" name="All files">
    <metrics statements="4" coveredstatements="3" conditionals="0" coveredconditionals="0" methods="3" coveredmethods="1" elements="7" coveredelements="4" complexity="0" loc="4" ncloc="4" packages="1" files="1" classes="1">
      <file name="index.jsx" path="D:\workspace\antd-jsonschema-form\src\index.jsx">
        <metrics statements="4" coveredstatements="3" conditionals="0" coveredconditionals="0" methods="3" coveredmethods="1"/>
        <line num="6" count="1" type="stmt"/>
        <line num="16" count="1" type="stmt"/>
        <line num="20" count="1" type="stmt"/>
        <line num="29" count="0" type="stmt"/>
      </file>
    </metrics>
  </project>
</coverage>
