{"D:\\workspace\\antd-jsonschema-form\\src\\index.jsx": {"path":"D:\\workspace\\antd-jsonschema-form\\src\\index.jsx","statementMap":{"0":{"start":{"line":6,"column":15},"end":{"line":14,"column":1}},"1":{"start":{"line":16,"column":12},"end":{"line":16,"column":53}},"2":{"start":{"line":16,"column":22},"end":{"line":16,"column":53}},"3":{"start":{"line":20,"column":2},"end":{"line":20,"column":15}},"4":{"start":{"line":29,"column":4},"end":{"line":32,"column":32}}},"fnMap":{"0":{"name":"(anonymous_0)","decl":{"start":{"line":16,"column":12},"end":{"line":16,"column":13}},"loc":{"start":{"line":16,"column":22},"end":{"line":16,"column":53}},"line":16},"1":{"name":"sum","decl":{"start":{"line":19,"column":16},"end":{"line":19,"column":19}},"loc":{"start":{"line":19,"column":26},"end":{"line":21,"column":1}},"line":19},"2":{"name":"(anonymous_2)","decl":{"start":{"line":28,"column":2},"end":{"line":28,"column":3}},"loc":{"start":{"line":28,"column":11},"end":{"line":33,"column":3}},"line":28}},"branchMap":{},"s":{"0":1,"1":1,"2":0,"3":1,"4":0},"f":{"0":0,"1":1,"2":0},"b":{},"_coverageSchema":"332fd63041d2c1bcb487cc26dd0d5f7d97098a6c","hash":"d6f166ea77bef492852653010845b68a2a42b017"}
}
